<?xml version="1.0" encoding="UTF-8"?>
<!-- Generated by org.testng.reporters.JUnitReportReporter -->
<testsuite skipped="0" hostname="DESKTOP-N308L1J" name="testNGConcept.LoginTest" tests="1" failures="0" timestamp="26 Sep 2021 17:56:46 GMT" time="10.408" errors="0">
  <testcase name="addCustomerTest" time="10.408" classname="testNGConcept.LoginTest"/>
</testsuite> <!-- testNGConcept.LoginTest -->
